android/app/build/intermediates/manifest_merge_blame_file/debug/manifest-merger-blame-debug-report.txt
1<?xml version="1.0" encoding="utf-8"?>
2<manifest xmlns:android="http://schemas.android.com/apk/res/android"
3    package="com.qr_generator_scanner"
4    android:versionCode="1"
5    android:versionName="1.0" >
6
7    <uses-sdk
8        android:minSdkVersion="21"
9        android:targetSdkVersion="33" />
10
11    <uses-permission android:name="android.permission.SYSTEM_ALERT_WINDOW" />
11-->src/debug/AndroidManifest.xml:5:5-77
11-->src/debug/AndroidManifest.xml:5:22-75
12    <uses-permission android:name="android.permission.INTERNET" />
12-->src/main/AndroidManifest.xml:3:5-67
12-->src/main/AndroidManifest.xml:3:22-64
13    <uses-permission android:name="android.permission.VIBRATE" />
13-->src/main/AndroidManifest.xml:4:5-65
13-->src/main/AndroidManifest.xml:4:22-63
14    <uses-permission android:name="android.permission.ACCESS_WIFI_STATE" />
14-->[com.facebook.flipper:flipper:0.125.0] AndroidManifest.xml:16:5-76
14-->[com.facebook.flipper:flipper:0.125.0] AndroidManifest.xml:16:22-73
15    <uses-permission android:name="android.permission.CAMERA" />
15-->[:react-native-camera] AndroidManifest.xml:9:5-65
15-->[:react-native-camera] AndroidManifest.xml:9:22-62
16
17    <uses-feature
17-->[:react-native-camera] AndroidManifest.xml:11:5-13:36
18        android:name="android.hardware.camera"
18-->[:react-native-camera] AndroidManifest.xml:12:9-47
19        android:required="false" />
19-->[:react-native-camera] AndroidManifest.xml:13:9-33
20    <uses-feature
20-->[:react-native-camera] AndroidManifest.xml:14:5-16:36
21        android:name="android.hardware.camera.autofocus"
21-->[:react-native-camera] AndroidManifest.xml:15:9-57
22        android:required="false" /> <!-- Required to access Google Play Licensing -->
22-->[:react-native-camera] AndroidManifest.xml:16:9-33
23    <uses-permission android:name="com.android.vending.CHECK_LICENSE" />
23-->[:rn-fetch-blob] AndroidManifest.xml:10:5-73
23-->[:rn-fetch-blob] AndroidManifest.xml:10:22-70
24    <!--
25         Required to keep CPU alive while downloading files
26        (NOT to keep screen awake)
27    -->
28    <uses-permission android:name="android.permission.WAKE_LOCK" />
28-->[:rn-fetch-blob] AndroidManifest.xml:19:5-68
28-->[:rn-fetch-blob] AndroidManifest.xml:19:22-65
29    <!--
30         Required to poll the state of the network connection
31        and respond to changes
32    -->
33    <uses-permission android:name="android.permission.ACCESS_NETWORK_STATE" /> <!-- Required to read and write the expansion files on shared storage -->
33-->[:rn-fetch-blob] AndroidManifest.xml:25:5-79
33-->[:rn-fetch-blob] AndroidManifest.xml:25:22-76
34    <uses-permission android:name="android.permission.WRITE_EXTERNAL_STORAGE" />
34-->[:rn-fetch-blob] AndroidManifest.xml:31:5-81
34-->[:rn-fetch-blob] AndroidManifest.xml:31:22-78
35
36    <application
36-->src/main/AndroidManifest.xml:5:5-24:19
37        android:name="com.qr_generator_scanner.MainApplication"
37-->src/main/AndroidManifest.xml:6:7-38
38        android:allowBackup="false"
38-->src/main/AndroidManifest.xml:10:7-34
39        android:appComponentFactory="androidx.core.app.CoreComponentFactory"
39-->[androidx.core:core:1.7.0] AndroidManifest.xml:24:18-86
40        android:debuggable="true"
41        android:icon="@mipmap/ic_launcher"
41-->src/main/AndroidManifest.xml:8:7-41
42        android:label="@string/app_name"
42-->src/main/AndroidManifest.xml:7:7-39
43        android:roundIcon="@mipmap/ic_launcher_round"
43-->src/main/AndroidManifest.xml:9:7-52
44        android:theme="@style/AppTheme"
44-->src/main/AndroidManifest.xml:11:7-38
45        android:usesCleartextTraffic="true" >
45-->src/debug/AndroidManifest.xml:8:9-44
46        <activity
46-->src/debug/AndroidManifest.xml:11:9-111
47            android:name="com.facebook.react.devsupport.DevSettingsActivity"
47-->src/debug/AndroidManifest.xml:11:19-83
48            android:exported="false" />
48-->src/debug/AndroidManifest.xml:11:84-108
49        <activity
49-->src/main/AndroidManifest.xml:12:7-23:18
50            android:name="com.qr_generator_scanner.MainActivity"
50-->src/main/AndroidManifest.xml:13:9-37
51            android:configChanges="keyboard|keyboardHidden|orientation|screenLayout|screenSize|smallestScreenSize|uiMode"
51-->src/main/AndroidManifest.xml:15:9-118
52            android:exported="true"
52-->src/main/AndroidManifest.xml:18:9-32
53            android:label="@string/app_name"
53-->src/main/AndroidManifest.xml:14:9-41
54            android:launchMode="singleTask"
54-->src/main/AndroidManifest.xml:16:9-40
55            android:windowSoftInputMode="adjustResize" >
55-->src/main/AndroidManifest.xml:17:9-51
56            <intent-filter>
56-->src/main/AndroidManifest.xml:19:9-22:25
57                <action android:name="android.intent.action.MAIN" />
57-->src/main/AndroidManifest.xml:20:13-65
57-->src/main/AndroidManifest.xml:20:21-62
58
59                <category android:name="android.intent.category.LAUNCHER" />
59-->src/main/AndroidManifest.xml:21:13-73
59-->src/main/AndroidManifest.xml:21:23-70
60            </intent-filter>
61        </activity>
62
63        <provider
63-->[:react-native-share] AndroidManifest.xml:10:9-18:20
64            android:name="cl.json.RNShareFileProvider"
64-->[:react-native-share] AndroidManifest.xml:11:13-55
65            android:authorities="com.qr_generator_scanner.rnshare.fileprovider"
65-->[:react-native-share] AndroidManifest.xml:12:13-72
66            android:exported="false"
66-->[:react-native-share] AndroidManifest.xml:13:13-37
67            android:grantUriPermissions="true" >
67-->[:react-native-share] AndroidManifest.xml:14:13-47
68            <meta-data
68-->[:react-native-share] AndroidManifest.xml:15:13-17:64
69                android:name="android.support.FILE_PROVIDER_PATHS"
69-->[:react-native-share] AndroidManifest.xml:16:17-67
70                android:resource="@xml/share_download_paths" />
70-->[:react-native-share] AndroidManifest.xml:17:17-61
71        </provider>
72        <provider
72-->[:rn-fetch-blob] AndroidManifest.xml:34:9-42:20
73            android:name="com.RNFetchBlob.Utils.FileProvider"
73-->[:rn-fetch-blob] AndroidManifest.xml:35:13-62
74            android:authorities="com.qr_generator_scanner.provider"
74-->[:rn-fetch-blob] AndroidManifest.xml:36:13-60
75            android:exported="false"
75-->[:rn-fetch-blob] AndroidManifest.xml:37:13-37
76            android:grantUriPermissions="true" >
76-->[:rn-fetch-blob] AndroidManifest.xml:38:13-47
77            <meta-data
77-->[:react-native-share] AndroidManifest.xml:15:13-17:64
78                android:name="android.support.FILE_PROVIDER_PATHS"
78-->[:react-native-share] AndroidManifest.xml:16:17-67
79                android:resource="@xml/provider_paths" />
79-->[:react-native-share] AndroidManifest.xml:17:17-61
80        </provider>
81
82        <service
82-->[com.google.android.gms:play-services-mlkit-barcode-scanning:16.2.0] AndroidManifest.xml:9:9-15:19
83            android:name="com.google.mlkit.common.internal.MlKitComponentDiscoveryService"
83-->[com.google.android.gms:play-services-mlkit-barcode-scanning:16.2.0] AndroidManifest.xml:10:13-91
84            android:directBootAware="true"
84-->[com.google.mlkit:common:17.2.0] AndroidManifest.xml:17:13-43
85            android:exported="false" >
85-->[com.google.android.gms:play-services-mlkit-barcode-scanning:16.2.0] AndroidManifest.xml:11:13-37
86            <meta-data
86-->[com.google.android.gms:play-services-mlkit-barcode-scanning:16.2.0] AndroidManifest.xml:12:13-14:85
87                android:name="com.google.firebase.components:com.google.mlkit.vision.barcode.internal.BarcodeRegistrar"
87-->[com.google.android.gms:play-services-mlkit-barcode-scanning:16.2.0] AndroidManifest.xml:13:17-120
88                android:value="com.google.firebase.components.ComponentRegistrar" />
88-->[com.google.android.gms:play-services-mlkit-barcode-scanning:16.2.0] AndroidManifest.xml:14:17-82
89            <meta-data
89-->[com.google.android.gms:play-services-mlkit-face-detection:16.2.0] AndroidManifest.xml:12:13-14:85
90                android:name="com.google.firebase.components:com.google.mlkit.vision.face.internal.FaceRegistrar"
90-->[com.google.android.gms:play-services-mlkit-face-detection:16.2.0] AndroidManifest.xml:13:17-114
91                android:value="com.google.firebase.components.ComponentRegistrar" />
91-->[com.google.android.gms:play-services-mlkit-face-detection:16.2.0] AndroidManifest.xml:14:17-82
92            <meta-data
92-->[com.google.android.gms:play-services-mlkit-text-recognition:16.3.0] AndroidManifest.xml:12:13-14:85
93                android:name="com.google.firebase.components:com.google.mlkit.vision.text.internal.TextRegistrar"
93-->[com.google.android.gms:play-services-mlkit-text-recognition:16.3.0] AndroidManifest.xml:13:17-114
94                android:value="com.google.firebase.components.ComponentRegistrar" />
94-->[com.google.android.gms:play-services-mlkit-text-recognition:16.3.0] AndroidManifest.xml:14:17-82
95            <meta-data
95-->[com.google.mlkit:vision-common:16.5.0] AndroidManifest.xml:12:13-14:85
96                android:name="com.google.firebase.components:com.google.mlkit.vision.common.internal.VisionCommonRegistrar"
96-->[com.google.mlkit:vision-common:16.5.0] AndroidManifest.xml:13:17-124
97                android:value="com.google.firebase.components.ComponentRegistrar" />
97-->[com.google.mlkit:vision-common:16.5.0] AndroidManifest.xml:14:17-82
98            <meta-data
98-->[com.google.mlkit:common:17.2.0] AndroidManifest.xml:20:13-22:85
99                android:name="com.google.firebase.components:com.google.mlkit.common.internal.CommonComponentRegistrar"
99-->[com.google.mlkit:common:17.2.0] AndroidManifest.xml:21:17-120
100                android:value="com.google.firebase.components.ComponentRegistrar" />
100-->[com.google.mlkit:common:17.2.0] AndroidManifest.xml:22:17-82
101        </service>
102
103        <provider
103-->[com.google.mlkit:common:17.2.0] AndroidManifest.xml:9:9-13:38
104            android:name="com.google.mlkit.common.internal.MlKitInitProvider"
104-->[com.google.mlkit:common:17.2.0] AndroidManifest.xml:10:13-78
105            android:authorities="com.qr_generator_scanner.mlkitinitprovider"
105-->[com.google.mlkit:common:17.2.0] AndroidManifest.xml:11:13-69
106            android:exported="false"
106-->[com.google.mlkit:common:17.2.0] AndroidManifest.xml:12:13-37
107            android:initOrder="99" />
107-->[com.google.mlkit:common:17.2.0] AndroidManifest.xml:13:13-35
108
109        <activity
109-->[com.google.android.gms:play-services-base:17.6.0] AndroidManifest.xml:23:9-26:75
110            android:name="com.google.android.gms.common.api.GoogleApiActivity"
110-->[com.google.android.gms:play-services-base:17.6.0] AndroidManifest.xml:24:13-79
111            android:exported="false"
111-->[com.google.android.gms:play-services-base:17.6.0] AndroidManifest.xml:25:13-37
112            android:theme="@android:style/Theme.Translucent.NoTitleBar" />
112-->[com.google.android.gms:play-services-base:17.6.0] AndroidManifest.xml:26:13-72
113
114        <meta-data
114-->[com.google.android.gms:play-services-basement:17.6.0] AndroidManifest.xml:23:9-25:69
115            android:name="com.google.android.gms.version"
115-->[com.google.android.gms:play-services-basement:17.6.0] AndroidManifest.xml:24:13-58
116            android:value="@integer/google_play_services_version" />
116-->[com.google.android.gms:play-services-basement:17.6.0] AndroidManifest.xml:25:13-66
117
118        <provider
118-->[androidx.emoji2:emoji2:1.0.0] AndroidManifest.xml:26:9-34:20
119            android:name="androidx.startup.InitializationProvider"
119-->[androidx.emoji2:emoji2:1.0.0] AndroidManifest.xml:27:13-67
120            android:authorities="com.qr_generator_scanner.androidx-startup"
120-->[androidx.emoji2:emoji2:1.0.0] AndroidManifest.xml:28:13-68
121            android:exported="false" >
121-->[androidx.emoji2:emoji2:1.0.0] AndroidManifest.xml:29:13-37
122            <meta-data
122-->[androidx.emoji2:emoji2:1.0.0] AndroidManifest.xml:31:13-33:52
123                android:name="androidx.emoji2.text.EmojiCompatInitializer"
123-->[androidx.emoji2:emoji2:1.0.0] AndroidManifest.xml:32:17-75
124                android:value="androidx.startup" />
124-->[androidx.emoji2:emoji2:1.0.0] AndroidManifest.xml:33:17-49
125            <meta-data
125-->[androidx.lifecycle:lifecycle-process:2.4.0] AndroidManifest.xml:31:13-33:52
126                android:name="androidx.lifecycle.ProcessLifecycleInitializer"
126-->[androidx.lifecycle:lifecycle-process:2.4.0] AndroidManifest.xml:32:17-78
127                android:value="androidx.startup" />
127-->[androidx.lifecycle:lifecycle-process:2.4.0] AndroidManifest.xml:33:17-49
128        </provider>
129
130        <service
130-->[com.google.android.datatransport:transport-backend-cct:2.3.3] AndroidManifest.xml:29:9-35:19
131            android:name="com.google.android.datatransport.runtime.backends.TransportBackendDiscovery"
131-->[com.google.android.datatransport:transport-backend-cct:2.3.3] AndroidManifest.xml:30:13-103
132            android:exported="false" >
132-->[com.google.android.datatransport:transport-backend-cct:2.3.3] AndroidManifest.xml:31:13-37
133            <meta-data
133-->[com.google.android.datatransport:transport-backend-cct:2.3.3] AndroidManifest.xml:32:13-34:39
134                android:name="backend:com.google.android.datatransport.cct.CctBackendFactory"
134-->[com.google.android.datatransport:transport-backend-cct:2.3.3] AndroidManifest.xml:33:17-94
135                android:value="cct" />
135-->[com.google.android.datatransport:transport-backend-cct:2.3.3] AndroidManifest.xml:34:17-36
136        </service>
137        <service
137-->[com.google.android.datatransport:transport-runtime:2.2.6] AndroidManifest.xml:26:9-30:19
138            android:name="com.google.android.datatransport.runtime.scheduling.jobscheduling.JobInfoSchedulerService"
138-->[com.google.android.datatransport:transport-runtime:2.2.6] AndroidManifest.xml:27:13-117
139            android:exported="false"
139-->[com.google.android.datatransport:transport-runtime:2.2.6] AndroidManifest.xml:28:13-37
140            android:permission="android.permission.BIND_JOB_SERVICE" >
140-->[com.google.android.datatransport:transport-runtime:2.2.6] AndroidManifest.xml:29:13-69
141        </service>
142
143        <receiver
143-->[com.google.android.datatransport:transport-runtime:2.2.6] AndroidManifest.xml:32:9-34:40
144            android:name="com.google.android.datatransport.runtime.scheduling.jobscheduling.AlarmManagerSchedulerBroadcastReceiver"
144-->[com.google.android.datatransport:transport-runtime:2.2.6] AndroidManifest.xml:33:13-132
145            android:exported="false" />
145-->[com.google.android.datatransport:transport-runtime:2.2.6] AndroidManifest.xml:34:13-37
146    </application>
147
148</manifest>